<?xml version="1.0" encoding="UTF-8"?>
<!-- Generated by org.testng.reporters.JUnitReportReporter -->
<testsuite hostname="Bhavins-MacBook-Air.local" failures="0" tests="4" name="day1.HTTPRequest" time="6.650" errors="0" timestamp="2023-02-05T14:51:48 EST" skipped="0">
  <testcase classname="day1.HTTPRequest" name="Listuser" time="4.770"/>
  <system-out/>
  <testcase classname="day1.HTTPRequest" name="createuser" time="1.113"/>
  <system-out/>
  <testcase classname="day1.HTTPRequest" name="updateuser" time="0.388"/>
  <system-out/>
  <testcase classname="day1.HTTPRequest" name="detleteuser" time="0.379"/>
  <system-out/>
</testsuite> <!-- day1.HTTPRequest -->
