<?xml version="1.0" encoding="UTF-8"?>
<!-- Generated by org.testng.reporters.JUnitReportReporter -->
<testsuite hostname="Bhavins-MacBook-Air.local" failures="0" tests="1" name="day4.ParsingJSONResponseData" time="0.161" errors="0" timestamp="2023-02-05T14:51:48 EST" skipped="0">
  <testcase classname="day4.ParsingJSONResponseData" name="testJsonResponseBodyData" time="0.161"/>
  <system-out/>
</testsuite> <!-- day4.ParsingJSONResponseData -->
