<?xml version="1.0" encoding="UTF-8"?>
<!-- Generated by org.testng.reporters.JUnitReportReporter -->
<testsuite hostname="Bhavins-MacBook-Air.local" failures="0" tests="2" name="day5.ParsingXmlResponse" time="1.903" errors="0" timestamp="2023-02-05T14:51:48 EST" skipped="0">
  <testcase classname="day5.ParsingXmlResponse" name="TestXmlResponse" time="1.073"/>
  <system-out/>
  <testcase classname="day5.ParsingXmlResponse" name="TestXmlResponseBody" time="0.830"/>
  <system-out/>
</testsuite> <!-- day5.ParsingXmlResponse -->
