<?xml version="1.0" encoding="UTF-8"?>
<!-- Generated by org.testng.reporters.JUnitReportReporter -->
<testsuite hostname="Bhavins-MacBook-Air.local" failures="0" tests="2" name="day3.HeadersDemo" time="0.762" errors="0" timestamp="2023-02-05T14:51:48 EST" skipped="0">
  <testcase classname="day3.HeadersDemo" name="testHeaders" time="0.532"/>
  <system-out/>
  <testcase classname="day3.HeadersDemo" name="getHeaders" time="0.230"/>
  <system-out/>
</testsuite> <!-- day3.HeadersDemo -->
