<?xml version="1.0" encoding="UTF-8"?>
<!-- Generated by org.testng.reporters.JUnitReportReporter -->
<testsuite hostname="Bhavins-MacBook-Air.local" failures="0" tests="1" name="day3.PathAndQueryParameters" time="0.489" errors="0" timestamp="2023-02-05T14:51:48 EST" skipped="0">
  <testcase classname="day3.PathAndQueryParameters" name="testQueryAndPathParameters" time="0.489"/>
  <system-out/>
</testsuite> <!-- day3.PathAndQueryParameters -->
